[05-Jan-2023 16:42:04 UTC] PHP Warning:  require_once(../models/HomeModel.php): Failed to open stream: No such file or directory in C:\Users\TRETEC\Documents\Projet-TDW\Cookbook\app\controllers\HomeController.php on line 3
[05-Jan-2023 16:42:04 UTC] PHP Fatal error:  Uncaught Error: Failed opening required '../models/HomeModel.php' (include_path='.;C:\php\pear') in C:\Users\TRETEC\Documents\Projet-TDW\Cookbook\app\controllers\HomeController.php:3
Stack trace:
#0 C:\Users\TRETEC\Documents\Projet-TDW\Cookbook\index.php(3): require_once()
#1 {main}
  thrown in C:\Users\TRETEC\Documents\Projet-TDW\Cookbook\app\controllers\HomeController.php on line 3
[05-Jan-2023 16:46:15 UTC] PHP Warning:  require_once(../models/HomeModel.php): Failed to open stream: No such file or directory in C:\Users\TRETEC\Documents\Projet-TDW\Cookbook\app\controllers\HomeController.php on line 3
[05-Jan-2023 16:46:15 UTC] PHP Fatal error:  Uncaught Error: Failed opening required '../models/HomeModel.php' (include_path='.;C:\php\pear') in C:\Users\TRETEC\Documents\Projet-TDW\Cookbook\app\controllers\HomeController.php:3
Stack trace:
#0 C:\Users\TRETEC\Documents\Projet-TDW\Cookbook\index.php(3): require_once()
#1 {main}
  thrown in C:\Users\TRETEC\Documents\Projet-TDW\Cookbook\app\controllers\HomeController.php on line 3
[05-Jan-2023 20:21:31 UTC] PHP Warning:  require_once(../models/HomeModel.php): Failed to open stream: No such file or directory in C:\Users\TRETEC\Documents\Projet-TDW\Cookbook\app\controllers\HomeController.php on line 3
[05-Jan-2023 20:21:31 UTC] PHP Fatal error:  Uncaught Error: Failed opening required '../models/HomeModel.php' (include_path='.;C:\php\pear') in C:\Users\TRETEC\Documents\Projet-TDW\Cookbook\app\controllers\HomeController.php:3
Stack trace:
#0 C:\Users\TRETEC\Documents\Projet-TDW\Cookbook\index.php(3): require_once()
#1 {main}
  thrown in C:\Users\TRETEC\Documents\Projet-TDW\Cookbook\app\controllers\HomeController.php on line 3
[05-Jan-2023 20:25:28 UTC] PHP Warning:  require_once(../models/HomeModel.php): Failed to open stream: No such file or directory in C:\Users\TRETEC\Documents\Projet-TDW\Cookbook\app\controllers\HomeController.php on line 3
[05-Jan-2023 20:25:28 UTC] PHP Fatal error:  Uncaught Error: Failed opening required '../models/HomeModel.php' (include_path='.;C:\php\pear') in C:\Users\TRETEC\Documents\Projet-TDW\Cookbook\app\controllers\HomeController.php:3
Stack trace:
#0 C:\Users\TRETEC\Documents\Projet-TDW\Cookbook\index.php(3): require_once()
#1 {main}
  thrown in C:\Users\TRETEC\Documents\Projet-TDW\Cookbook\app\controllers\HomeController.php on line 3
[05-Jan-2023 20:25:29 UTC] PHP Warning:  require_once(../models/HomeModel.php): Failed to open stream: No such file or directory in C:\Users\TRETEC\Documents\Projet-TDW\Cookbook\app\controllers\HomeController.php on line 3
[05-Jan-2023 20:25:29 UTC] PHP Fatal error:  Uncaught Error: Failed opening required '../models/HomeModel.php' (include_path='.;C:\php\pear') in C:\Users\TRETEC\Documents\Projet-TDW\Cookbook\app\controllers\HomeController.php:3
Stack trace:
#0 C:\Users\TRETEC\Documents\Projet-TDW\Cookbook\index.php(3): require_once()
#1 {main}
  thrown in C:\Users\TRETEC\Documents\Projet-TDW\Cookbook\app\controllers\HomeController.php on line 3
[05-Jan-2023 20:25:30 UTC] PHP Warning:  require_once(../models/HomeModel.php): Failed to open stream: No such file or directory in C:\Users\TRETEC\Documents\Projet-TDW\Cookbook\app\controllers\HomeController.php on line 3
[05-Jan-2023 20:25:30 UTC] PHP Fatal error:  Uncaught Error: Failed opening required '../models/HomeModel.php' (include_path='.;C:\php\pear') in C:\Users\TRETEC\Documents\Projet-TDW\Cookbook\app\controllers\HomeController.php:3
Stack trace:
#0 C:\Users\TRETEC\Documents\Projet-TDW\Cookbook\index.php(3): require_once()
#1 {main}
  thrown in C:\Users\TRETEC\Documents\Projet-TDW\Cookbook\app\controllers\HomeController.php on line 3
[05-Jan-2023 20:25:30 UTC] PHP Warning:  require_once(../models/HomeModel.php): Failed to open stream: No such file or directory in C:\Users\TRETEC\Documents\Projet-TDW\Cookbook\app\controllers\HomeController.php on line 3
[05-Jan-2023 20:25:30 UTC] PHP Fatal error:  Uncaught Error: Failed opening required '../models/HomeModel.php' (include_path='.;C:\php\pear') in C:\Users\TRETEC\Documents\Projet-TDW\Cookbook\app\controllers\HomeController.php:3
Stack trace:
#0 C:\Users\TRETEC\Documents\Projet-TDW\Cookbook\index.php(3): require_once()
#1 {main}
  thrown in C:\Users\TRETEC\Documents\Projet-TDW\Cookbook\app\controllers\HomeController.php on line 3
[05-Jan-2023 20:25:30 UTC] PHP Warning:  require_once(../models/HomeModel.php): Failed to open stream: No such file or directory in C:\Users\TRETEC\Documents\Projet-TDW\Cookbook\app\controllers\HomeController.php on line 3
[05-Jan-2023 20:25:30 UTC] PHP Fatal error:  Uncaught Error: Failed opening required '../models/HomeModel.php' (include_path='.;C:\php\pear') in C:\Users\TRETEC\Documents\Projet-TDW\Cookbook\app\controllers\HomeController.php:3
Stack trace:
#0 C:\Users\TRETEC\Documents\Projet-TDW\Cookbook\index.php(3): require_once()
#1 {main}
  thrown in C:\Users\TRETEC\Documents\Projet-TDW\Cookbook\app\controllers\HomeController.php on line 3
[05-Jan-2023 20:25:31 UTC] PHP Warning:  require_once(../models/HomeModel.php): Failed to open stream: No such file or directory in C:\Users\TRETEC\Documents\Projet-TDW\Cookbook\app\controllers\HomeController.php on line 3
[05-Jan-2023 20:25:31 UTC] PHP Fatal error:  Uncaught Error: Failed opening required '../models/HomeModel.php' (include_path='.;C:\php\pear') in C:\Users\TRETEC\Documents\Projet-TDW\Cookbook\app\controllers\HomeController.php:3
Stack trace:
#0 C:\Users\TRETEC\Documents\Projet-TDW\Cookbook\index.php(3): require_once()
#1 {main}
  thrown in C:\Users\TRETEC\Documents\Projet-TDW\Cookbook\app\controllers\HomeController.php on line 3
[05-Jan-2023 20:25:59 UTC] PHP Warning:  require_once(../models/HomeModel.php): Failed to open stream: No such file or directory in C:\Users\TRETEC\Documents\Projet-TDW\Cookbook\app\controllers\HomeController.php on line 3
[05-Jan-2023 20:25:59 UTC] PHP Fatal error:  Uncaught Error: Failed opening required '../models/HomeModel.php' (include_path='.;C:\php\pear') in C:\Users\TRETEC\Documents\Projet-TDW\Cookbook\app\controllers\HomeController.php:3
Stack trace:
#0 C:\Users\TRETEC\Documents\Projet-TDW\Cookbook\index.php(3): require_once()
#1 {main}
  thrown in C:\Users\TRETEC\Documents\Projet-TDW\Cookbook\app\controllers\HomeController.php on line 3
[05-Jan-2023 20:39:56 UTC] PHP Warning:  Undefined array key "" in C:\Users\TRETEC\Documents\Projet-TDW\Cookbook\route.php on line 32
[05-Jan-2023 20:39:56 UTC] PHP Fatal error:  Uncaught TypeError: call_user_func(): Argument #1 ($callback) must be a valid callback, no array or string given in C:\Users\TRETEC\Documents\Projet-TDW\Cookbook\route.php:33
Stack trace:
#0 C:\Users\TRETEC\Documents\Projet-TDW\Cookbook\index.php(11): dispatch('')
#1 {main}
  thrown in C:\Users\TRETEC\Documents\Projet-TDW\Cookbook\route.php on line 33
[05-Jan-2023 20:40:28 UTC] PHP Warning:  Undefined array key "" in C:\Users\TRETEC\Documents\Projet-TDW\Cookbook\route.php on line 32
[05-Jan-2023 20:40:28 UTC] PHP Fatal error:  Uncaught TypeError: call_user_func(): Argument #1 ($callback) must be a valid callback, no array or string given in C:\Users\TRETEC\Documents\Projet-TDW\Cookbook\route.php:33
Stack trace:
#0 C:\Users\TRETEC\Documents\Projet-TDW\Cookbook\index.php(11): dispatch('')
#1 {main}
  thrown in C:\Users\TRETEC\Documents\Projet-TDW\Cookbook\route.php on line 33
[05-Jan-2023 20:43:09 UTC] PHP Warning:  Undefined array key "" in C:\Users\TRETEC\Documents\Projet-TDW\Cookbook\route.php on line 32
[05-Jan-2023 20:43:09 UTC] PHP Fatal error:  Uncaught TypeError: call_user_func(): Argument #1 ($callback) must be a valid callback, no array or string given in C:\Users\TRETEC\Documents\Projet-TDW\Cookbook\route.php:33
Stack trace:
#0 C:\Users\TRETEC\Documents\Projet-TDW\Cookbook\index.php(11): dispatch('')
#1 {main}
  thrown in C:\Users\TRETEC\Documents\Projet-TDW\Cookbook\route.php on line 33
[05-Jan-2023 20:45:04 UTC] PHP Fatal error:  Uncaught Error: Cannot use object of type PDOStatement as array in C:\Users\TRETEC\Documents\Projet-TDW\Cookbook\app\views\HomeView.php:73
Stack trace:
#0 C:\Users\TRETEC\Documents\Projet-TDW\Cookbook\app\views\HomeView.php(21): HomeView->Appetizers()
#1 C:\Users\TRETEC\Documents\Projet-TDW\Cookbook\app\views\HomeView.php(11): HomeView->corps_page()
#2 C:\Users\TRETEC\Documents\Projet-TDW\Cookbook\app\controllers\HomeController.php(12): HomeView->index()
#3 C:\Users\TRETEC\Documents\Projet-TDW\Cookbook\index.php(8): HomeController->index()
#4 C:\Users\TRETEC\Documents\Projet-TDW\Cookbook\route.php(33): {closure}()
#5 C:\Users\TRETEC\Documents\Projet-TDW\Cookbook\index.php(11): dispatch('home')
#6 {main}
  thrown in C:\Users\TRETEC\Documents\Projet-TDW\Cookbook\app\views\HomeView.php on line 73
[05-Jan-2023 21:03:09 UTC] PHP Fatal error:  Uncaught Error: Cannot use object of type PDOStatement as array in C:\Users\TRETEC\Documents\Projet-TDW\Cookbook\app\views\HomeView.php:73
Stack trace:
#0 C:\Users\TRETEC\Documents\Projet-TDW\Cookbook\app\views\HomeView.php(21): HomeView->Appetizers()
#1 C:\Users\TRETEC\Documents\Projet-TDW\Cookbook\app\views\HomeView.php(11): HomeView->corps_page()
#2 C:\Users\TRETEC\Documents\Projet-TDW\Cookbook\app\controllers\HomeController.php(12): HomeView->index()
#3 C:\Users\TRETEC\Documents\Projet-TDW\Cookbook\index.php(8): HomeController->index()
#4 C:\Users\TRETEC\Documents\Projet-TDW\Cookbook\route.php(33): {closure}()
#5 C:\Users\TRETEC\Documents\Projet-TDW\Cookbook\index.php(11): dispatch('home')
#6 {main}
  thrown in C:\Users\TRETEC\Documents\Projet-TDW\Cookbook\app\views\HomeView.php on line 73
[05-Jan-2023 21:03:29 UTC] PHP Fatal error:  Uncaught Error: Cannot use object of type PDOStatement as array in C:\Users\TRETEC\Documents\Projet-TDW\Cookbook\app\views\HomeView.php:73
Stack trace:
#0 C:\Users\TRETEC\Documents\Projet-TDW\Cookbook\app\views\HomeView.php(21): HomeView->Appetizers()
#1 C:\Users\TRETEC\Documents\Projet-TDW\Cookbook\app\views\HomeView.php(11): HomeView->corps_page()
#2 C:\Users\TRETEC\Documents\Projet-TDW\Cookbook\app\controllers\HomeController.php(12): HomeView->index()
#3 C:\Users\TRETEC\Documents\Projet-TDW\Cookbook\index.php(8): HomeController->index()
#4 C:\Users\TRETEC\Documents\Projet-TDW\Cookbook\route.php(33): {closure}()
#5 C:\Users\TRETEC\Documents\Projet-TDW\Cookbook\index.php(11): dispatch('home')
#6 {main}
  thrown in C:\Users\TRETEC\Documents\Projet-TDW\Cookbook\app\views\HomeView.php on line 73
[05-Jan-2023 21:05:01 UTC] PHP Fatal error:  Uncaught Error: Cannot use object of type PDOStatement as array in C:\Users\TRETEC\Documents\Projet-TDW\Cookbook\app\views\HomeView.php:73
Stack trace:
#0 C:\Users\TRETEC\Documents\Projet-TDW\Cookbook\app\views\HomeView.php(21): HomeView->Appetizers()
#1 C:\Users\TRETEC\Documents\Projet-TDW\Cookbook\app\views\HomeView.php(11): HomeView->corps_page()
#2 C:\Users\TRETEC\Documents\Projet-TDW\Cookbook\app\controllers\HomeController.php(12): HomeView->index()
#3 C:\Users\TRETEC\Documents\Projet-TDW\Cookbook\index.php(8): HomeController->index()
#4 C:\Users\TRETEC\Documents\Projet-TDW\Cookbook\route.php(33): {closure}()
#5 C:\Users\TRETEC\Documents\Projet-TDW\Cookbook\index.php(11): dispatch('home')
#6 {main}
  thrown in C:\Users\TRETEC\Documents\Projet-TDW\Cookbook\app\views\HomeView.php on line 73
[05-Jan-2023 21:06:45 UTC] PHP Fatal error:  Uncaught Error: Cannot use object of type PDOStatement as array in C:\Users\TRETEC\Documents\Projet-TDW\Cookbook\app\views\HomeView.php:73
Stack trace:
#0 C:\Users\TRETEC\Documents\Projet-TDW\Cookbook\app\views\HomeView.php(21): HomeView->Appetizers()
#1 C:\Users\TRETEC\Documents\Projet-TDW\Cookbook\app\views\HomeView.php(11): HomeView->corps_page()
#2 C:\Users\TRETEC\Documents\Projet-TDW\Cookbook\app\controllers\HomeController.php(12): HomeView->index()
#3 C:\Users\TRETEC\Documents\Projet-TDW\Cookbook\index.php(8): HomeController->index()
#4 C:\Users\TRETEC\Documents\Projet-TDW\Cookbook\route.php(33): {closure}()
#5 C:\Users\TRETEC\Documents\Projet-TDW\Cookbook\index.php(11): dispatch('home')
#6 {main}
  thrown in C:\Users\TRETEC\Documents\Projet-TDW\Cookbook\app\views\HomeView.php on line 73
[05-Jan-2023 21:11:55 UTC] PHP Fatal error:  Uncaught Error: Cannot use object of type PDOStatement as array in C:\Users\TRETEC\Documents\Projet-TDW\Cookbook\app\views\HomeView.php:73
Stack trace:
#0 C:\Users\TRETEC\Documents\Projet-TDW\Cookbook\app\views\HomeView.php(21): HomeView->Appetizers()
#1 C:\Users\TRETEC\Documents\Projet-TDW\Cookbook\app\views\HomeView.php(11): HomeView->corps_page()
#2 C:\Users\TRETEC\Documents\Projet-TDW\Cookbook\app\controllers\HomeController.php(12): HomeView->index()
#3 C:\Users\TRETEC\Documents\Projet-TDW\Cookbook\index.php(8): HomeController->index()
#4 C:\Users\TRETEC\Documents\Projet-TDW\Cookbook\route.php(33): {closure}()
#5 C:\Users\TRETEC\Documents\Projet-TDW\Cookbook\index.php(11): dispatch('home')
#6 {main}
  thrown in C:\Users\TRETEC\Documents\Projet-TDW\Cookbook\app\views\HomeView.php on line 73
[05-Jan-2023 21:34:13 UTC] PHP Fatal error:  Uncaught Error: Cannot use object of type PDOStatement as array in C:\Users\TRETEC\Documents\Projet-TDW\Cookbook\app\views\HomeView.php:73
Stack trace:
#0 C:\Users\TRETEC\Documents\Projet-TDW\Cookbook\app\views\HomeView.php(21): HomeView->Appetizers()
#1 C:\Users\TRETEC\Documents\Projet-TDW\Cookbook\app\views\HomeView.php(11): HomeView->corps_page()
#2 C:\Users\TRETEC\Documents\Projet-TDW\Cookbook\app\controllers\HomeController.php(12): HomeView->index()
#3 C:\Users\TRETEC\Documents\Projet-TDW\Cookbook\index.php(8): HomeController->index()
#4 C:\Users\TRETEC\Documents\Projet-TDW\Cookbook\route.php(33): {closure}()
#5 C:\Users\TRETEC\Documents\Projet-TDW\Cookbook\index.php(11): dispatch('home')
#6 {main}
  thrown in C:\Users\TRETEC\Documents\Projet-TDW\Cookbook\app\views\HomeView.php on line 73
[05-Jan-2023 21:36:46 UTC] PHP Fatal error:  Uncaught Error: Object of class PDOStatement could not be converted to string in C:\Users\TRETEC\Documents\Projet-TDW\Cookbook\app\views\HomeView.php:73
Stack trace:
#0 C:\Users\TRETEC\Documents\Projet-TDW\Cookbook\app\views\HomeView.php(21): HomeView->Appetizers()
#1 C:\Users\TRETEC\Documents\Projet-TDW\Cookbook\app\views\HomeView.php(11): HomeView->corps_page()
#2 C:\Users\TRETEC\Documents\Projet-TDW\Cookbook\app\controllers\HomeController.php(12): HomeView->index()
#3 C:\Users\TRETEC\Documents\Projet-TDW\Cookbook\index.php(8): HomeController->index()
#4 C:\Users\TRETEC\Documents\Projet-TDW\Cookbook\route.php(33): {closure}()
#5 C:\Users\TRETEC\Documents\Projet-TDW\Cookbook\index.php(11): dispatch('home')
#6 {main}
  thrown in C:\Users\TRETEC\Documents\Projet-TDW\Cookbook\app\views\HomeView.php on line 73
[05-Jan-2023 21:38:30 UTC] PHP Parse error:  syntax error, unexpected string content "", expecting "-" or identifier or variable or number in C:\Users\TRETEC\Documents\Projet-TDW\Cookbook\app\views\HomeView.php on line 73
[05-Jan-2023 21:38:47 UTC] PHP Fatal error:  Uncaught Error: Cannot use object of type PDOStatement as array in C:\Users\TRETEC\Documents\Projet-TDW\Cookbook\app\views\HomeView.php:73
Stack trace:
#0 C:\Users\TRETEC\Documents\Projet-TDW\Cookbook\app\views\HomeView.php(21): HomeView->Appetizers()
#1 C:\Users\TRETEC\Documents\Projet-TDW\Cookbook\app\views\HomeView.php(11): HomeView->corps_page()
#2 C:\Users\TRETEC\Documents\Projet-TDW\Cookbook\app\controllers\HomeController.php(12): HomeView->index()
#3 C:\Users\TRETEC\Documents\Projet-TDW\Cookbook\index.php(8): HomeController->index()
#4 C:\Users\TRETEC\Documents\Projet-TDW\Cookbook\route.php(33): {closure}()
#5 C:\Users\TRETEC\Documents\Projet-TDW\Cookbook\index.php(11): dispatch('home')
#6 {main}
  thrown in C:\Users\TRETEC\Documents\Projet-TDW\Cookbook\app\views\HomeView.php on line 73
[05-Jan-2023 21:42:06 UTC] PHP Fatal error:  Uncaught Error: Cannot use object of type PDOStatement as array in C:\Users\TRETEC\Documents\Projet-TDW\Cookbook\app\views\HomeView.php:73
Stack trace:
#0 C:\Users\TRETEC\Documents\Projet-TDW\Cookbook\app\views\HomeView.php(21): HomeView->Appetizers()
#1 C:\Users\TRETEC\Documents\Projet-TDW\Cookbook\app\views\HomeView.php(11): HomeView->corps_page()
#2 C:\Users\TRETEC\Documents\Projet-TDW\Cookbook\app\controllers\HomeController.php(12): HomeView->index()
#3 C:\Users\TRETEC\Documents\Projet-TDW\Cookbook\index.php(8): HomeController->index()
#4 C:\Users\TRETEC\Documents\Projet-TDW\Cookbook\route.php(33): {closure}()
#5 C:\Users\TRETEC\Documents\Projet-TDW\Cookbook\index.php(11): dispatch('home')
#6 {main}
  thrown in C:\Users\TRETEC\Documents\Projet-TDW\Cookbook\app\views\HomeView.php on line 73
[05-Jan-2023 21:46:48 UTC] PHP Fatal error:  Uncaught Error: Cannot use object of type PDOStatement as array in C:\Users\TRETEC\Documents\Projet-TDW\Cookbook\app\views\HomeView.php:73
Stack trace:
#0 C:\Users\TRETEC\Documents\Projet-TDW\Cookbook\app\views\HomeView.php(21): HomeView->Appetizers()
#1 C:\Users\TRETEC\Documents\Projet-TDW\Cookbook\app\views\HomeView.php(11): HomeView->corps_page()
#2 C:\Users\TRETEC\Documents\Projet-TDW\Cookbook\app\controllers\HomeController.php(12): HomeView->index()
#3 C:\Users\TRETEC\Documents\Projet-TDW\Cookbook\index.php(8): HomeController->index()
#4 C:\Users\TRETEC\Documents\Projet-TDW\Cookbook\route.php(33): {closure}()
#5 C:\Users\TRETEC\Documents\Projet-TDW\Cookbook\index.php(11): dispatch('home')
#6 {main}
  thrown in C:\Users\TRETEC\Documents\Projet-TDW\Cookbook\app\views\HomeView.php on line 73
[05-Jan-2023 21:48:56 UTC] PHP Fatal error:  Uncaught Error: Cannot use object of type PDOStatement as array in C:\Users\TRETEC\Documents\Projet-TDW\Cookbook\app\views\HomeView.php:73
Stack trace:
#0 C:\Users\TRETEC\Documents\Projet-TDW\Cookbook\app\views\HomeView.php(21): HomeView->Appetizers()
#1 C:\Users\TRETEC\Documents\Projet-TDW\Cookbook\app\views\HomeView.php(11): HomeView->corps_page()
#2 C:\Users\TRETEC\Documents\Projet-TDW\Cookbook\app\controllers\HomeController.php(12): HomeView->index()
#3 C:\Users\TRETEC\Documents\Projet-TDW\Cookbook\index.php(8): HomeController->index()
#4 C:\Users\TRETEC\Documents\Projet-TDW\Cookbook\route.php(33): {closure}()
#5 C:\Users\TRETEC\Documents\Projet-TDW\Cookbook\index.php(11): dispatch('home')
#6 {main}
  thrown in C:\Users\TRETEC\Documents\Projet-TDW\Cookbook\app\views\HomeView.php on line 73
[05-Jan-2023 21:52:21 UTC] PHP Fatal error:  Uncaught Error: Cannot use object of type PDOStatement as array in C:\Users\TRETEC\Documents\Projet-TDW\Cookbook\app\models\HomeModel.php:63
Stack trace:
#0 C:\Users\TRETEC\Documents\Projet-TDW\Cookbook\app\views\HomeView.php(72): HomeModel->getImage(6)
#1 C:\Users\TRETEC\Documents\Projet-TDW\Cookbook\app\views\HomeView.php(21): HomeView->Appetizers()
#2 C:\Users\TRETEC\Documents\Projet-TDW\Cookbook\app\views\HomeView.php(11): HomeView->corps_page()
#3 C:\Users\TRETEC\Documents\Projet-TDW\Cookbook\app\controllers\HomeController.php(12): HomeView->index()
#4 C:\Users\TRETEC\Documents\Projet-TDW\Cookbook\index.php(8): HomeController->index()
#5 C:\Users\TRETEC\Documents\Projet-TDW\Cookbook\route.php(33): {closure}()
#6 C:\Users\TRETEC\Documents\Projet-TDW\Cookbook\index.php(11): dispatch('home')
#7 {main}
  thrown in C:\Users\TRETEC\Documents\Projet-TDW\Cookbook\app\models\HomeModel.php on line 63
[06-Jan-2023 01:04:04 UTC] PHP Warning:  Undefined array key "type" in C:\Users\TRETEC\Documents\Projet-TDW\Cookbook\app\views\HomeView.php on line 56
[06-Jan-2023 01:04:04 UTC] PHP Warning:  Undefined array key "recipe_id" in C:\Users\TRETEC\Documents\Projet-TDW\Cookbook\app\views\HomeView.php on line 73
[06-Jan-2023 01:04:04 UTC] PHP Warning:  Undefined array key "type" in C:\Users\TRETEC\Documents\Projet-TDW\Cookbook\app\views\HomeView.php on line 56
[06-Jan-2023 01:04:04 UTC] PHP Warning:  Undefined array key "recipe_id" in C:\Users\TRETEC\Documents\Projet-TDW\Cookbook\app\views\HomeView.php on line 73
[09-Jan-2023 09:54:31 UTC] PHP Warning:  Undefined array key "news" in C:\Users\TRETEC\Documents\Projet-TDW\Cookbook\route.php on line 32
[09-Jan-2023 09:54:31 UTC] PHP Fatal error:  Uncaught TypeError: call_user_func(): Argument #1 ($callback) must be a valid callback, no array or string given in C:\Users\TRETEC\Documents\Projet-TDW\Cookbook\route.php:33
Stack trace:
#0 C:\Users\TRETEC\Documents\Projet-TDW\Cookbook\index.php(11): dispatch('news')
#1 {main}
  thrown in C:\Users\TRETEC\Documents\Projet-TDW\Cookbook\route.php on line 33
[09-Jan-2023 09:54:47 UTC] PHP Warning:  Undefined array key "news" in C:\Users\TRETEC\Documents\Projet-TDW\Cookbook\route.php on line 32
[09-Jan-2023 09:54:47 UTC] PHP Fatal error:  Uncaught TypeError: call_user_func(): Argument #1 ($callback) must be a valid callback, no array or string given in C:\Users\TRETEC\Documents\Projet-TDW\Cookbook\route.php:33
Stack trace:
#0 C:\Users\TRETEC\Documents\Projet-TDW\Cookbook\index.php(11): dispatch('news')
#1 {main}
  thrown in C:\Users\TRETEC\Documents\Projet-TDW\Cookbook\route.php on line 33
[09-Jan-2023 16:02:21 UTC] PHP Fatal error:  Uncaught Error: Class "CategoryController" not found in C:\Users\TRETEC\Documents\Projet-TDW\Cookbook\index.php:17
Stack trace:
#0 C:\Users\TRETEC\Documents\Projet-TDW\Cookbook\route.php(33): {closure}()
#1 C:\Users\TRETEC\Documents\Projet-TDW\Cookbook\index.php(31): dispatch('appetizers')
#2 {main}
  thrown in C:\Users\TRETEC\Documents\Projet-TDW\Cookbook\index.php on line 17
[09-Jan-2023 16:03:41 UTC] PHP Fatal error:  Uncaught Error: Class "CategoryController" not found in C:\Users\TRETEC\Documents\Projet-TDW\Cookbook\index.php:17
Stack trace:
#0 C:\Users\TRETEC\Documents\Projet-TDW\Cookbook\route.php(33): {closure}()
#1 C:\Users\TRETEC\Documents\Projet-TDW\Cookbook\index.php(31): dispatch('appetizers')
#2 {main}
  thrown in C:\Users\TRETEC\Documents\Projet-TDW\Cookbook\index.php on line 17
[09-Jan-2023 16:04:05 UTC] PHP Fatal error:  Uncaught Error: Class "CategoryController" not found in C:\Users\TRETEC\Documents\Projet-TDW\Cookbook\index.php:22
Stack trace:
#0 C:\Users\TRETEC\Documents\Projet-TDW\Cookbook\route.php(33): {closure}()
#1 C:\Users\TRETEC\Documents\Projet-TDW\Cookbook\index.php(31): dispatch('mains')
#2 {main}
  thrown in C:\Users\TRETEC\Documents\Projet-TDW\Cookbook\index.php on line 22
[09-Jan-2023 16:05:29 UTC] PHP Warning:  require(./app/models/CategoryModel.php): Failed to open stream: No such file or directory in C:\Users\TRETEC\Documents\Projet-TDW\Cookbook\app\controllers\CategoryController.php on line 3
[09-Jan-2023 16:05:29 UTC] PHP Fatal error:  Uncaught Error: Failed opening required './app/models/CategoryModel.php' (include_path='.;C:\php\pear') in C:\Users\TRETEC\Documents\Projet-TDW\Cookbook\app\controllers\CategoryController.php:3
Stack trace:
#0 C:\Users\TRETEC\Documents\Projet-TDW\Cookbook\index.php(4): require_once()
#1 {main}
  thrown in C:\Users\TRETEC\Documents\Projet-TDW\Cookbook\app\controllers\CategoryController.php on line 3
[09-Jan-2023 16:05:34 UTC] PHP Warning:  require(./app/models/CategoryModel.php): Failed to open stream: No such file or directory in C:\Users\TRETEC\Documents\Projet-TDW\Cookbook\app\controllers\CategoryController.php on line 3
[09-Jan-2023 16:05:34 UTC] PHP Fatal error:  Uncaught Error: Failed opening required './app/models/CategoryModel.php' (include_path='.;C:\php\pear') in C:\Users\TRETEC\Documents\Projet-TDW\Cookbook\app\controllers\CategoryController.php:3
Stack trace:
#0 C:\Users\TRETEC\Documents\Projet-TDW\Cookbook\index.php(4): require_once()
#1 {main}
  thrown in C:\Users\TRETEC\Documents\Projet-TDW\Cookbook\app\controllers\CategoryController.php on line 3
[09-Jan-2023 16:07:15 UTC] PHP Warning:  Undefined array key "index.php/mains?sort=rating" in C:\Users\TRETEC\Documents\Projet-TDW\Cookbook\route.php on line 32
[09-Jan-2023 16:07:15 UTC] PHP Fatal error:  Uncaught TypeError: call_user_func(): Argument #1 ($callback) must be a valid callback, no array or string given in C:\Users\TRETEC\Documents\Projet-TDW\Cookbook\route.php:33
Stack trace:
#0 C:\Users\TRETEC\Documents\Projet-TDW\Cookbook\index.php(32): dispatch('index.php/mains...')
#1 {main}
  thrown in C:\Users\TRETEC\Documents\Projet-TDW\Cookbook\route.php on line 33
[09-Jan-2023 16:07:32 UTC] PHP Warning:  Undefined array key "index.php/mains?sort=cooking_time" in C:\Users\TRETEC\Documents\Projet-TDW\Cookbook\route.php on line 32
[09-Jan-2023 16:07:32 UTC] PHP Fatal error:  Uncaught TypeError: call_user_func(): Argument #1 ($callback) must be a valid callback, no array or string given in C:\Users\TRETEC\Documents\Projet-TDW\Cookbook\route.php:33
Stack trace:
#0 C:\Users\TRETEC\Documents\Projet-TDW\Cookbook\index.php(32): dispatch('index.php/mains...')
#1 {main}
  thrown in C:\Users\TRETEC\Documents\Projet-TDW\Cookbook\route.php on line 33
[09-Jan-2023 18:15:10 UTC] PHP Warning:  Undefined array key "index.php/appetizers?sort=rating" in C:\Users\TRETEC\Documents\Projet-TDW\Cookbook\route.php on line 32
[09-Jan-2023 18:15:10 UTC] PHP Fatal error:  Uncaught TypeError: call_user_func(): Argument #1 ($callback) must be a valid callback, no array or string given in C:\Users\TRETEC\Documents\Projet-TDW\Cookbook\route.php:33
Stack trace:
#0 C:\Users\TRETEC\Documents\Projet-TDW\Cookbook\index.php(32): dispatch('index.php/appet...')
#1 {main}
  thrown in C:\Users\TRETEC\Documents\Projet-TDW\Cookbook\route.php on line 33
[09-Jan-2023 18:21:18 UTC] PHP Warning:  Undefined array key "index.php/appetizers?sort=calories" in C:\Users\TRETEC\Documents\Projet-TDW\Cookbook\route.php on line 32
[09-Jan-2023 18:21:18 UTC] PHP Fatal error:  Uncaught TypeError: call_user_func(): Argument #1 ($callback) must be a valid callback, no array or string given in C:\Users\TRETEC\Documents\Projet-TDW\Cookbook\route.php:33
Stack trace:
#0 C:\Users\TRETEC\Documents\Projet-TDW\Cookbook\index.php(32): dispatch('index.php/appet...')
#1 {main}
  thrown in C:\Users\TRETEC\Documents\Projet-TDW\Cookbook\route.php on line 33
[09-Jan-2023 18:21:37 UTC] PHP Warning:  Undefined array key "index.php/appetizers" in C:\Users\TRETEC\Documents\Projet-TDW\Cookbook\route.php on line 32
[09-Jan-2023 18:21:37 UTC] PHP Fatal error:  Uncaught TypeError: call_user_func(): Argument #1 ($callback) must be a valid callback, no array or string given in C:\Users\TRETEC\Documents\Projet-TDW\Cookbook\route.php:33
Stack trace:
#0 C:\Users\TRETEC\Documents\Projet-TDW\Cookbook\index.php(32): dispatch('index.php/appet...')
#1 {main}
  thrown in C:\Users\TRETEC\Documents\Projet-TDW\Cookbook\route.php on line 33
[09-Jan-2023 18:22:00 UTC] PHP Warning:  Undefined array key "index.php/appetizers" in C:\Users\TRETEC\Documents\Projet-TDW\Cookbook\route.php on line 32
[09-Jan-2023 18:22:00 UTC] PHP Fatal error:  Uncaught TypeError: call_user_func(): Argument #1 ($callback) must be a valid callback, no array or string given in C:\Users\TRETEC\Documents\Projet-TDW\Cookbook\route.php:33
Stack trace:
#0 C:\Users\TRETEC\Documents\Projet-TDW\Cookbook\index.php(32): dispatch('index.php/appet...')
#1 {main}
  thrown in C:\Users\TRETEC\Documents\Projet-TDW\Cookbook\route.php on line 33
[09-Jan-2023 20:45:53 UTC] PHP Warning:  require_once(C:\Users\TRETEC\Documents\Projet-TDW\Cookbook\app\models\CategoryModel.php): Failed to open stream: No such file or directory in C:\Users\TRETEC\Documents\Projet-TDW\Cookbook\app\controllers\CategoryController.php on line 3
[09-Jan-2023 20:45:53 UTC] PHP Fatal error:  Uncaught Error: Failed opening required './app/models/CategoryModel.php' (include_path='.;C:\php\pear') in C:\Users\TRETEC\Documents\Projet-TDW\Cookbook\app\controllers\CategoryController.php:3
Stack trace:
#0 C:\Users\TRETEC\Documents\Projet-TDW\Cookbook\index.php(4): require_once()
#1 {main}
  thrown in C:\Users\TRETEC\Documents\Projet-TDW\Cookbook\app\controllers\CategoryController.php on line 3
[09-Jan-2023 20:51:50 UTC] PHP Deprecated:  base64_encode(): Passing null to parameter #1 ($string) of type string is deprecated in C:\Users\TRETEC\Documents\Projet-TDW\Cookbook\app\views\CategoryView.php on line 36
